mode: atomic
github.com/e1m0re/grdn/cmd/agent/flags.go:15.27,28.25 7 0
github.com/e1m0re/grdn/cmd/agent/flags.go:28.25,30.3 1 0
github.com/e1m0re/grdn/cmd/agent/flags.go:32.2,33.29 2 0
github.com/e1m0re/grdn/cmd/agent/flags.go:33.29,35.17 2 0
github.com/e1m0re/grdn/cmd/agent/flags.go:35.17,37.4 1 0
github.com/e1m0re/grdn/cmd/agent/flags.go:40.2,41.27 2 0
github.com/e1m0re/grdn/cmd/agent/flags.go:41.27,43.17 2 0
github.com/e1m0re/grdn/cmd/agent/flags.go:43.17,45.4 1 0
github.com/e1m0re/grdn/cmd/agent/flags.go:48.2,48.17 1 0
github.com/e1m0re/grdn/cmd/agent/main.go:10.13,16.6 4 0
github.com/e1m0re/grdn/cmd/agent/main.go:16.6,21.3 4 0
github.com/e1m0re/grdn/cmd/server/flags.go:18.27,30.58 8 0
github.com/e1m0re/grdn/cmd/server/flags.go:30.58,32.3 1 0
github.com/e1m0re/grdn/cmd/server/flags.go:34.2,34.25 1 0
github.com/e1m0re/grdn/cmd/server/flags.go:34.25,36.3 1 0
github.com/e1m0re/grdn/cmd/server/flags.go:38.2,39.28 2 0
github.com/e1m0re/grdn/cmd/server/flags.go:39.28,41.17 2 0
github.com/e1m0re/grdn/cmd/server/flags.go:41.17,43.4 1 0
github.com/e1m0re/grdn/cmd/server/flags.go:46.2,47.30 2 0
github.com/e1m0re/grdn/cmd/server/flags.go:47.30,49.3 1 0
github.com/e1m0re/grdn/cmd/server/flags.go:51.2,52.26 2 0
github.com/e1m0re/grdn/cmd/server/flags.go:52.26,54.3 1 0
github.com/e1m0re/grdn/cmd/server/flags.go:56.2,56.17 1 0
github.com/e1m0re/grdn/cmd/server/main.go:18.13,21.66 2 0
github.com/e1m0re/grdn/cmd/server/main.go:21.66,24.3 2 0
github.com/e1m0re/grdn/cmd/server/main.go:26.2,27.28 2 0
github.com/e1m0re/grdn/cmd/server/main.go:27.28,29.17 2 0
github.com/e1m0re/grdn/cmd/server/main.go:29.17,31.4 1 0
github.com/e1m0re/grdn/cmd/server/main.go:34.2,37.12 3 0
github.com/e1m0re/grdn/cmd/server/main.go:37.12,43.3 4 0
github.com/e1m0re/grdn/cmd/server/main.go:45.2,46.20 2 0
github.com/e1m0re/grdn/cmd/server/main.go:46.20,49.3 2 0
github.com/e1m0re/grdn/cmd/server/main.go:50.2,50.20 1 0
github.com/e1m0re/grdn/cmd/server/main.go:50.20,53.17 3 0
github.com/e1m0re/grdn/cmd/server/main.go:53.17,55.4 1 0
github.com/e1m0re/grdn/cmd/server/main.go:57.3,57.35 1 0
github.com/e1m0re/grdn/cmd/server/main.go:60.2,60.34 1 0
github.com/e1m0re/grdn/cmd/server/main.go:60.34,61.21 1 0
github.com/e1m0re/grdn/cmd/server/main.go:61.21,62.8 1 0
github.com/e1m0re/grdn/cmd/server/main.go:62.8,63.12 1 0
github.com/e1m0re/grdn/cmd/server/main.go:64.24,65.16 1 0
github.com/e1m0re/grdn/cmd/server/main.go:66.49,68.20 2 0
github.com/e1m0re/grdn/cmd/server/main.go:68.20,70.7 1 0
github.com/e1m0re/grdn/cmd/server/main.go:76.2,76.33 1 0
github.com/e1m0re/grdn/cmd/server/main.go:76.33,78.3 1 0
github.com/e1m0re/grdn/internal/models/models.go:22.42,23.17 1 0
github.com/e1m0re/grdn/internal/models/models.go:24.17,25.52 1 0
github.com/e1m0re/grdn/internal/models/models.go:26.19,27.37 1 0
github.com/e1m0re/grdn/internal/models/models.go:28.10,29.12 1 0
github.com/e1m0re/grdn/internal/http-server/middleware/gzip/gzip.go:15.66,17.16 2 0
github.com/e1m0re/grdn/internal/http-server/middleware/gzip/gzip.go:17.16,19.3 1 0
github.com/e1m0re/grdn/internal/http-server/middleware/gzip/gzip.go:21.2,24.8 1 0
github.com/e1m0re/grdn/internal/http-server/middleware/gzip/gzip.go:27.60,29.2 1 0
github.com/e1m0re/grdn/internal/http-server/middleware/gzip/gzip.go:31.40,32.36 1 0
github.com/e1m0re/grdn/internal/http-server/middleware/gzip/gzip.go:32.36,34.3 1 0
github.com/e1m0re/grdn/internal/http-server/middleware/gzip/gzip.go:36.2,36.21 1 0
github.com/e1m0re/grdn/internal/http-server/middleware/gzip/gzip.go:39.49,41.59 1 0
github.com/e1m0re/grdn/internal/http-server/middleware/gzip/gzip.go:41.59,46.17 3 0
github.com/e1m0re/grdn/internal/http-server/middleware/gzip/gzip.go:46.17,48.19 2 0
github.com/e1m0re/grdn/internal/http-server/middleware/gzip/gzip.go:48.19,51.6 2 0
github.com/e1m0re/grdn/internal/http-server/middleware/gzip/gzip.go:53.5,54.21 2 0
github.com/e1m0re/grdn/internal/http-server/middleware/gzip/gzip.go:57.4,57.35 1 0
github.com/e1m0re/grdn/internal/http-server/server/server.go:15.52,22.39 5 0
github.com/e1m0re/grdn/internal/http-server/server/server.go:22.39,24.40 2 0
github.com/e1m0re/grdn/internal/http-server/server/server.go:24.40,27.4 2 0
github.com/e1m0re/grdn/internal/http-server/server/server.go:28.3,28.41 1 0
github.com/e1m0re/grdn/internal/http-server/server/server.go:28.41,31.4 2 0
github.com/e1m0re/grdn/internal/http-server/server/server.go:34.2,34.15 1 0
github.com/e1m0re/grdn/internal/http-server/server/server.go:37.69,44.2 2 0
github.com/e1m0re/grdn/internal/logger/logger.go:9.37,11.16 2 0
github.com/e1m0re/grdn/internal/logger/logger.go:11.16,13.3 1 0
github.com/e1m0re/grdn/internal/logger/logger.go:15.2,19.16 4 0
github.com/e1m0re/grdn/internal/logger/logger.go:19.16,21.3 1 0
github.com/e1m0re/grdn/internal/logger/logger.go:23.2,25.12 2 0
github.com/e1m0re/grdn/internal/http-server/middleware/logger/logger.go:24.62,29.2 3 0
github.com/e1m0re/grdn/internal/http-server/middleware/logger/logger.go:31.61,34.2 2 0
github.com/e1m0re/grdn/internal/http-server/middleware/logger/logger.go:36.49,38.59 1 0
github.com/e1m0re/grdn/internal/http-server/middleware/logger/logger.go:38.59,60.4 6 0
github.com/e1m0re/grdn/internal/apiclient/apiclient.go:14.34,19.2 1 1
github.com/e1m0re/grdn/internal/apiclient/apiclient.go:21.60,23.16 2 0
github.com/e1m0re/grdn/internal/apiclient/apiclient.go:23.16,25.3 1 0
github.com/e1m0re/grdn/internal/apiclient/apiclient.go:27.2,28.16 2 0
github.com/e1m0re/grdn/internal/apiclient/apiclient.go:28.16,30.3 1 0
github.com/e1m0re/grdn/internal/apiclient/apiclient.go:32.2,36.16 4 0
github.com/e1m0re/grdn/internal/apiclient/apiclient.go:36.16,38.3 1 0
github.com/e1m0re/grdn/internal/apiclient/apiclient.go:40.2,40.12 1 0
github.com/e1m0re/grdn/internal/apiclient/apiclient.go:43.59,46.54 3 0
github.com/e1m0re/grdn/internal/apiclient/apiclient.go:46.54,48.3 1 0
github.com/e1m0re/grdn/internal/apiclient/apiclient.go:50.2,50.43 1 0
github.com/e1m0re/grdn/internal/apiclient/apiclient.go:50.43,52.3 1 0
github.com/e1m0re/grdn/internal/apiclient/apiclient.go:54.2,54.18 1 0
github.com/e1m0re/grdn/internal/http-server/handler/handler.go:19.53,23.2 1 22
github.com/e1m0re/grdn/internal/http-server/handler/handler.go:25.85,26.39 1 8
github.com/e1m0re/grdn/internal/http-server/handler/handler.go:26.39,29.3 2 1
github.com/e1m0re/grdn/internal/http-server/handler/handler.go:31.2,36.16 5 7
github.com/e1m0re/grdn/internal/http-server/handler/handler.go:36.16,39.3 2 5
github.com/e1m0re/grdn/internal/http-server/handler/handler.go:42.78,45.48 2 0
github.com/e1m0re/grdn/internal/http-server/handler/handler.go:45.48,47.17 2 0
github.com/e1m0re/grdn/internal/http-server/handler/handler.go:47.17,49.4 1 0
github.com/e1m0re/grdn/internal/http-server/handler/handler.go:52.2,52.37 1 0
github.com/e1m0re/grdn/internal/http-server/handler/handler.go:55.87,56.38 1 5
github.com/e1m0re/grdn/internal/http-server/handler/handler.go:56.38,59.3 2 1
github.com/e1m0re/grdn/internal/http-server/handler/handler.go:61.2,62.16 2 4
github.com/e1m0re/grdn/internal/http-server/handler/handler.go:62.16,65.3 2 2
github.com/e1m0re/grdn/internal/http-server/handler/handler.go:67.2,70.16 3 2
github.com/e1m0re/grdn/internal/http-server/handler/handler.go:70.16,73.3 2 0
github.com/e1m0re/grdn/internal/http-server/handler/handler.go:75.2,75.37 1 2
github.com/e1m0re/grdn/internal/http-server/handler/handler.go:78.89,79.39 1 5
github.com/e1m0re/grdn/internal/http-server/handler/handler.go:79.39,82.3 2 1
github.com/e1m0re/grdn/internal/http-server/handler/handler.go:84.2,88.16 3 4
github.com/e1m0re/grdn/internal/http-server/handler/handler.go:88.16,90.3 1 0
github.com/e1m0re/grdn/internal/http-server/handler/handler.go:92.2,94.61 2 4
github.com/e1m0re/grdn/internal/http-server/handler/handler.go:94.61,97.3 2 1
github.com/e1m0re/grdn/internal/http-server/handler/handler.go:99.2,101.16 2 3
github.com/e1m0re/grdn/internal/http-server/handler/handler.go:101.16,104.3 2 1
github.com/e1m0re/grdn/internal/http-server/handler/handler.go:106.2,108.16 2 2
github.com/e1m0re/grdn/internal/http-server/handler/handler.go:108.16,111.3 2 0
github.com/e1m0re/grdn/internal/http-server/handler/handler.go:113.2,116.16 3 2
github.com/e1m0re/grdn/internal/http-server/handler/handler.go:116.16,119.3 2 0
github.com/e1m0re/grdn/internal/http-server/handler/handler.go:121.2,121.37 1 2
github.com/e1m0re/grdn/internal/http-server/handler/handler.go:124.86,125.39 1 11
github.com/e1m0re/grdn/internal/http-server/handler/handler.go:125.39,128.3 2 1
github.com/e1m0re/grdn/internal/http-server/handler/handler.go:130.2,136.16 4 10
github.com/e1m0re/grdn/internal/http-server/handler/handler.go:136.16,139.3 2 0
github.com/e1m0re/grdn/internal/http-server/handler/handler.go:141.2,141.58 1 10
github.com/e1m0re/grdn/internal/http-server/handler/handler.go:141.58,144.3 2 4
github.com/e1m0re/grdn/internal/http-server/handler/handler.go:146.2,147.16 2 6
github.com/e1m0re/grdn/internal/http-server/handler/handler.go:147.16,150.3 2 4
github.com/e1m0re/grdn/internal/models/models.go:22.42,23.17 1 2
github.com/e1m0re/grdn/internal/models/models.go:24.17,25.52 1 1
github.com/e1m0re/grdn/internal/models/models.go:26.19,27.37 1 1
github.com/e1m0re/grdn/internal/models/models.go:28.10,29.12 1 0
github.com/e1m0re/grdn/internal/models/models.go:22.42,23.17 1 0
github.com/e1m0re/grdn/internal/models/models.go:24.17,25.52 1 0
github.com/e1m0re/grdn/internal/models/models.go:26.19,27.37 1 0
github.com/e1m0re/grdn/internal/models/models.go:28.10,29.12 1 0
github.com/e1m0re/grdn/internal/monitor/monitor.go:23.42,30.2 1 1
github.com/e1m0re/grdn/internal/monitor/monitor.go:32.39,69.2 32 1
github.com/e1m0re/grdn/internal/monitor/monitor.go:71.55,73.40 2 3
github.com/e1m0re/grdn/internal/monitor/monitor.go:73.40,79.3 1 2
github.com/e1m0re/grdn/internal/monitor/monitor.go:81.2,81.42 1 3
github.com/e1m0re/grdn/internal/monitor/monitor.go:81.42,87.3 1 2
github.com/e1m0re/grdn/internal/monitor/monitor.go:89.2,89.15 1 3
github.com/e1m0re/grdn/internal/monitor/monitor.go:92.64,93.34 1 0
github.com/e1m0re/grdn/internal/monitor/monitor.go:93.34,96.17 2 0
github.com/e1m0re/grdn/internal/monitor/monitor.go:96.17,98.4 1 0
github.com/e1m0re/grdn/internal/monitor/monitor.go:100.3,101.17 2 0
github.com/e1m0re/grdn/internal/monitor/monitor.go:101.17,103.4 1 0
github.com/e1m0re/grdn/internal/models/models.go:22.42,23.17 1 0
github.com/e1m0re/grdn/internal/models/models.go:24.17,25.52 1 0
github.com/e1m0re/grdn/internal/models/models.go:26.19,27.37 1 0
github.com/e1m0re/grdn/internal/models/models.go:28.10,29.12 1 0
github.com/e1m0re/grdn/internal/storage/storage.go:61.64,68.2 1 1
github.com/e1m0re/grdn/internal/storage/storage.go:70.77,72.2 1 2
github.com/e1m0re/grdn/internal/storage/storage.go:74.83,76.2 1 2
github.com/e1m0re/grdn/internal/storage/storage.go:78.101,79.15 1 5
github.com/e1m0re/grdn/internal/storage/storage.go:80.24,82.17 2 2
github.com/e1m0re/grdn/internal/storage/storage.go:82.17,84.4 1 1
github.com/e1m0re/grdn/internal/storage/storage.go:86.3,86.36 1 1
github.com/e1m0re/grdn/internal/storage/storage.go:87.26,89.17 2 2
github.com/e1m0re/grdn/internal/storage/storage.go:89.17,91.4 1 1
github.com/e1m0re/grdn/internal/storage/storage.go:93.3,93.38 1 1
github.com/e1m0re/grdn/internal/storage/storage.go:94.10,95.43 1 1
github.com/e1m0re/grdn/internal/storage/storage.go:98.2,98.16 1 2
github.com/e1m0re/grdn/internal/storage/storage.go:98.16,100.17 2 0
github.com/e1m0re/grdn/internal/storage/storage.go:100.17,102.4 1 0
github.com/e1m0re/grdn/internal/storage/storage.go:105.2,105.12 1 2
github.com/e1m0re/grdn/internal/storage/storage.go:108.69,109.23 1 0
github.com/e1m0re/grdn/internal/storage/storage.go:109.23,111.3 1 0
github.com/e1m0re/grdn/internal/storage/storage.go:112.2,112.20 1 0
github.com/e1m0re/grdn/internal/storage/storage.go:113.24,114.24 1 0
github.com/e1m0re/grdn/internal/storage/storage.go:114.24,116.4 1 0
github.com/e1m0re/grdn/internal/storage/storage.go:117.3,117.44 1 0
github.com/e1m0re/grdn/internal/storage/storage.go:118.26,119.24 1 0
github.com/e1m0re/grdn/internal/storage/storage.go:119.24,121.4 1 0
github.com/e1m0re/grdn/internal/storage/storage.go:122.3,122.46 1 0
github.com/e1m0re/grdn/internal/storage/storage.go:123.10,124.43 1 0
github.com/e1m0re/grdn/internal/storage/storage.go:127.2,127.16 1 0
github.com/e1m0re/grdn/internal/storage/storage.go:127.16,129.17 2 0
github.com/e1m0re/grdn/internal/storage/storage.go:129.17,131.4 1 0
github.com/e1m0re/grdn/internal/storage/storage.go:134.2,134.12 1 0
github.com/e1m0re/grdn/internal/storage/storage.go:137.47,139.35 2 0
github.com/e1m0re/grdn/internal/storage/storage.go:139.35,141.3 1 0
github.com/e1m0re/grdn/internal/storage/storage.go:143.2,143.37 1 0
github.com/e1m0re/grdn/internal/storage/storage.go:143.37,145.3 1 0
github.com/e1m0re/grdn/internal/storage/storage.go:147.2,147.15 1 0
github.com/e1m0re/grdn/internal/storage/storage.go:150.108,151.15 1 0
github.com/e1m0re/grdn/internal/storage/storage.go:152.24,155.10 2 0
github.com/e1m0re/grdn/internal/storage/storage.go:155.10,158.4 2 0
github.com/e1m0re/grdn/internal/storage/storage.go:160.3,165.4 1 0
github.com/e1m0re/grdn/internal/storage/storage.go:166.26,169.10 2 0
github.com/e1m0re/grdn/internal/storage/storage.go:169.10,172.4 2 0
github.com/e1m0re/grdn/internal/storage/storage.go:174.3,179.4 1 0
github.com/e1m0re/grdn/internal/storage/storage.go:180.10,181.37 1 0
github.com/e1m0re/grdn/internal/storage/storage.go:184.2,184.8 1 0
github.com/e1m0re/grdn/internal/storage/storage.go:187.48,189.16 2 0
github.com/e1m0re/grdn/internal/storage/storage.go:189.16,191.3 1 0
github.com/e1m0re/grdn/internal/storage/storage.go:193.2,196.16 3 0
github.com/e1m0re/grdn/internal/storage/storage.go:196.16,198.3 1 0
github.com/e1m0re/grdn/internal/storage/storage.go:200.2,202.12 2 0
github.com/e1m0re/grdn/internal/storage/storage.go:205.50,207.16 2 0
github.com/e1m0re/grdn/internal/storage/storage.go:207.16,209.3 1 0
github.com/e1m0re/grdn/internal/storage/storage.go:211.2,214.16 3 0
github.com/e1m0re/grdn/internal/storage/storage.go:214.16,217.3 2 0
github.com/e1m0re/grdn/internal/storage/storage.go:219.2,219.12 1 0
